<?xml version="1.0" encoding="UTF-8"?>
<!-- Generated by org.testng.reporters.JUnitXMLReporter -->
<testsuite ignored="0" hostname="Anayra" failures="1" tests="11" name="Surefire test" time="89.057" errors="0" timestamp="2024-03-05T08:09:42 EST">
  <testcase classname="com.qa.tests.ContactsPageTest" name="verifyContactsLabelTest" time="0.057"/>
  <testcase classname="com.qa.tests.ContactsPageTest" name="verifyCreateContactsbuttonTest" time="0.032"/>
  <testcase classname="com.qa.tests.ContactsPageTest" name="validateCreateNewContactTest" time="0.0">
    <failure type="java.lang.RuntimeException" message="java.lang.NullPointerException">
      <![CDATA[java.lang.RuntimeException: java.lang.NullPointerException
at java.base/java.util.ArrayList.forEach(ArrayList.java:1511)
Caused by: java.lang.NullPointerException
at com.qa.util.TestUtil.getTestData(TestUtil.java:45)
at com.qa.tests.ContactsPageTest.getCRMTestData(ContactsPageTest.java:49)
... 30 more
... Removed 37 stack frames]]>
    </failure>
  </testcase> <!-- validateCreateNewContactTest -->
  <testcase classname="com.qa.tests.HomePageTest" name="VerifyHomePageTitleTest" time="0.004"/>
  <testcase classname="com.qa.tests.HomePageTest" name="FreeCRMLogoTest" time="0.83"/>
  <testcase classname="com.qa.tests.HomePageTest" name="VerifyCorrectUserNameTest" time="0.816"/>
  <testcase classname="com.qa.tests.HomePageTest" name="DisplayAllSideBarLinks" time="1.13"/>
  <testcase classname="com.qa.tests.HomePageTest" name="VerifyContactsLinkTest" time="0.885"/>
  <testcase classname="com.qa.tests.LoginPageTest" name="LoginpageTitleTest" time="0.006"/>
  <testcase classname="com.qa.tests.LoginPageTest" name="FreeCRMLogoImageTest" time="0.039"/>
  <testcase classname="com.qa.tests.LoginPageTest" name="loginTest" time="4.872"/>
</testsuite> <!-- Surefire test -->
