<?xml version="1.0" encoding="UTF-8"?>
<!-- Generated by org.testng.reporters.JUnitXMLReporter -->
<testsuite ignored="0" hostname="Anayra" failures="0" tests="5" name="Default test" time="62.584" errors="0" timestamp="2024-03-08T15:08:14 EST">
  <testcase classname="com.qa.tests.TasksPageTest" name="verifyTaskssLabelTest" time="0.073"/>
  <testcase classname="com.qa.tests.TasksPageTest" name="verifyBoardsLinkTest" time="0.064"/>
  <testcase classname="com.qa.tests.TasksPageTest" name="validateCreateNewTasks" time="4.825"/>
  <testcase classname="com.qa.tests.TasksPageTest" name="validateCreateNewTasks" time="4.79"/>
  <testcase classname="com.qa.tests.TasksPageTest" name="validateCreateNewTasks" time="4.801"/>
</testsuite> <!-- Default test -->
