-------------------------------------------------------------------------------
Test set: TestSuite
-------------------------------------------------------------------------------
Tests run: 11, Failures: 1, Errors: 0, Skipped: 0, Time elapsed: 89.633 s <<< FAILURE! - in TestSuite
validateCreateNewContactTest(com.qa.tests.ContactsPageTest)  Time elapsed: 1.849 s  <<< FAILURE!
java.lang.RuntimeException: java.lang.NullPointerException
	at com.qa.tests.ContactsPageTest.getCRMTestData(ContactsPageTest.java:49)

