<?xml version="1.0" encoding="UTF-8"?>
<testsuite xmlns:xsi="http://www.w3.org/2001/XMLSchema-instance" xsi:noNamespaceSchemaLocation="https://maven.apache.org/surefire/maven-surefire-plugin/xsd/surefire-test-report.xsd" name="TestSuite" time="89.633" tests="11" errors="0" skipped="0" failures="1">
  <properties>
[...]
</properties>
  <testcase name="verifyContactsLabelTest" classname="com.qa.tests.ContactsPageTest" time="0.067"/>
  <testcase name="verifyCreateContactsbuttonTest" classname="com.qa.tests.ContactsPageTest" time="0.036"/>
  <testcase name="validateCreateNewContactTest" classname="com.qa.tests.ContactsPageTest" time="1.849">
    <failure message="java.lang.NullPointerException" type="java.lang.RuntimeException">java.lang.RuntimeException: java.lang.NullPointerException
	at com.qa.tests.ContactsPageTest.getCRMTestData(ContactsPageTest.java:49)
</failure>
    <system-out><![CDATA[TearDown Successfull
]]></system-out>
    <system-err><![CDATA[ERROR StatusLogger Log4j2 could not find a logging implementation. Please add log4j-core to the classpath. Using SimpleLogger to log to the console...
]]></system-err>
  </testcase>
  <testcase name="VerifyHomePageTitleTest" classname="com.qa.tests.HomePageTest" time="0.004"/>
  <testcase name="FreeCRMLogoTest" classname="com.qa.tests.HomePageTest" time="0.838"/>
  <testcase name="VerifyCorrectUserNameTest" classname="com.qa.tests.HomePageTest" time="0.817"/>
  <testcase name="DisplayAllSideBarLinks" classname="com.qa.tests.HomePageTest" time="1.13"/>
  <testcase name="VerifyContactsLinkTest" classname="com.qa.tests.HomePageTest" time="0.886"/>
  <testcase name="LoginpageTitleTest" classname="com.qa.tests.LoginPageTest" time="0.005"/>
  <testcase name="FreeCRMLogoImageTest" classname="com.qa.tests.LoginPageTest" time="0.038"/>
  <testcase name="loginTest" classname="com.qa.tests.LoginPageTest" time="4.872"/>
</testsuite>