<?xml version="1.0" encoding="UTF-8"?>
<testng-results ignored="0" total="5" passed="5" failed="0" skipped="0">
  <reporter-output>
  </reporter-output>
  <suite started-at="2024-03-08T15:07:12 EST" name="Default suite" finished-at="2024-03-08T15:08:14 EST" duration-ms="62584">
    <groups>
    </groups>
    <test started-at="2024-03-08T15:07:12 EST" name="Default test" finished-at="2024-03-08T15:08:14 EST" duration-ms="62584">
      <class name="com.qa.tests.TasksPageTest">
        <test-method is-config="true" signature="Setup()[pri:0, instance:com.qa.tests.TasksPageTest@64b0598]" started-at="2024-03-08T15:07:12 EST" name="Setup" finished-at="2024-03-08T15:07:21 EST" duration-ms="9698" status="PASS">
          <reporter-output>
          </reporter-output>
        </test-method> <!-- Setup -->
        <test-method signature="verifyTaskssLabelTest()[pri:1, instance:com.qa.tests.TasksPageTest@64b0598]" started-at="2024-03-08T15:07:21 EST" name="verifyTaskssLabelTest" finished-at="2024-03-08T15:07:22 EST" duration-ms="73" status="PASS">
          <reporter-output>
          </reporter-output>
        </test-method> <!-- verifyTaskssLabelTest -->
        <test-method is-config="true" signature="CloseBrowser()[pri:0, instance:com.qa.tests.TasksPageTest@64b0598]" started-at="2024-03-08T15:07:22 EST" name="CloseBrowser" finished-at="2024-03-08T15:07:22 EST" duration-ms="184" status="PASS">
          <reporter-output>
          </reporter-output>
        </test-method> <!-- CloseBrowser -->
        <test-method is-config="true" signature="Setup()[pri:0, instance:com.qa.tests.TasksPageTest@64b0598]" started-at="2024-03-08T15:07:22 EST" name="Setup" finished-at="2024-03-08T15:07:31 EST" duration-ms="9098" status="PASS">
          <reporter-output>
          </reporter-output>
        </test-method> <!-- Setup -->
        <test-method signature="verifyBoardsLinkTest()[pri:2, instance:com.qa.tests.TasksPageTest@64b0598]" started-at="2024-03-08T15:07:31 EST" name="verifyBoardsLinkTest" finished-at="2024-03-08T15:07:31 EST" duration-ms="64" status="PASS">
          <reporter-output>
          </reporter-output>
        </test-method> <!-- verifyBoardsLinkTest -->
        <test-method is-config="true" signature="CloseBrowser()[pri:0, instance:com.qa.tests.TasksPageTest@64b0598]" started-at="2024-03-08T15:07:31 EST" name="CloseBrowser" finished-at="2024-03-08T15:07:31 EST" duration-ms="159" status="PASS">
          <reporter-output>
          </reporter-output>
        </test-method> <!-- CloseBrowser -->
        <test-method is-config="true" signature="Setup()[pri:0, instance:com.qa.tests.TasksPageTest@64b0598]" started-at="2024-03-08T15:07:32 EST" name="Setup" finished-at="2024-03-08T15:07:41 EST" duration-ms="8840" status="PASS">
          <reporter-output>
          </reporter-output>
        </test-method> <!-- Setup -->
        <test-method signature="validateCreateNewTasks(java.lang.String,java.lang.String,java.lang.String)[pri:3, instance:com.qa.tests.TasksPageTest@64b0598]" started-at="2024-03-08T15:07:41 EST" name="validateCreateNewTasks" data-provider="getCRMTestData" finished-at="2024-03-08T15:07:46 EST" duration-ms="4825" status="PASS">
          <params>
            <param index="0">
              <value>
                <![CDATA[amazon deal]]>
              </value>
            </param>
            <param index="1">
              <value>
                <![CDATA[baby garments deal]]>
              </value>
            </param>
            <param index="2">
              <value>
                <![CDATA[80.0]]>
              </value>
            </param>
          </params>
          <reporter-output>
          </reporter-output>
        </test-method> <!-- validateCreateNewTasks -->
        <test-method is-config="true" signature="CloseBrowser()[pri:0, instance:com.qa.tests.TasksPageTest@64b0598]" started-at="2024-03-08T15:07:46 EST" name="CloseBrowser" finished-at="2024-03-08T15:07:46 EST" duration-ms="240" status="PASS">
          <reporter-output>
          </reporter-output>
        </test-method> <!-- CloseBrowser -->
        <test-method is-config="true" signature="Setup()[pri:0, instance:com.qa.tests.TasksPageTest@64b0598]" started-at="2024-03-08T15:07:46 EST" name="Setup" finished-at="2024-03-08T15:07:55 EST" duration-ms="8995" status="PASS">
          <reporter-output>
          </reporter-output>
        </test-method> <!-- Setup -->
        <test-method signature="validateCreateNewTasks(java.lang.String,java.lang.String,java.lang.String)[pri:3, instance:com.qa.tests.TasksPageTest@64b0598]" started-at="2024-03-08T15:07:55 EST" name="validateCreateNewTasks" data-provider="getCRMTestData" finished-at="2024-03-08T15:08:00 EST" duration-ms="4790" status="PASS">
          <params>
            <param index="0">
              <value>
                <![CDATA[sugar deal]]>
              </value>
            </param>
            <param index="1">
              <value>
                <![CDATA[lipstick deal]]>
              </value>
            </param>
            <param index="2">
              <value>
                <![CDATA[40.0]]>
              </value>
            </param>
          </params>
          <reporter-output>
          </reporter-output>
        </test-method> <!-- validateCreateNewTasks -->
        <test-method is-config="true" signature="CloseBrowser()[pri:0, instance:com.qa.tests.TasksPageTest@64b0598]" started-at="2024-03-08T15:08:00 EST" name="CloseBrowser" finished-at="2024-03-08T15:08:00 EST" duration-ms="242" status="PASS">
          <reporter-output>
          </reporter-output>
        </test-method> <!-- CloseBrowser -->
        <test-method is-config="true" signature="Setup()[pri:0, instance:com.qa.tests.TasksPageTest@64b0598]" started-at="2024-03-08T15:08:00 EST" name="Setup" finished-at="2024-03-08T15:08:09 EST" duration-ms="9037" status="PASS">
          <reporter-output>
          </reporter-output>
        </test-method> <!-- Setup -->
        <test-method signature="validateCreateNewTasks(java.lang.String,java.lang.String,java.lang.String)[pri:3, instance:com.qa.tests.TasksPageTest@64b0598]" started-at="2024-03-08T15:08:09 EST" name="validateCreateNewTasks" data-provider="getCRMTestData" finished-at="2024-03-08T15:08:14 EST" duration-ms="4801" status="PASS">
          <params>
            <param index="0">
              <value>
                <![CDATA[google deal]]>
              </value>
            </param>
            <param index="1">
              <value>
                <![CDATA[paid seo]]>
              </value>
            </param>
            <param index="2">
              <value>
                <![CDATA[70.0]]>
              </value>
            </param>
          </params>
          <reporter-output>
          </reporter-output>
        </test-method> <!-- validateCreateNewTasks -->
        <test-method is-config="true" signature="CloseBrowser()[pri:0, instance:com.qa.tests.TasksPageTest@64b0598]" started-at="2024-03-08T15:08:14 EST" name="CloseBrowser" finished-at="2024-03-08T15:08:14 EST" duration-ms="192" status="PASS">
          <reporter-output>
          </reporter-output>
        </test-method> <!-- CloseBrowser -->
      </class> <!-- com.qa.tests.TasksPageTest -->
    </test> <!-- Default test -->
  </suite> <!-- Default suite -->
</testng-results>
